<?xml version="1.0" encoding="UTF-8"?>
<!-- Generated by org.testng.reporters.JUnitReportReporter -->
<testsuite hostname="YUL119014N07" name="Test_HomePage" tests="8" failures="0" timestamp="12 Feb 2016 19:36:47 GMT" time="73.642" errors="0">
  <testcase name="POS_Test_Home_UploadPhoto" time="6.565" classname="Test_HomePage"/>
  <testcase name="POS_Test_SignIn" time="8.254" classname="Test_HomePage"/>
  <testcase name="POS_Test_Home_ShareUpdate" time="6.257" classname="Test_HomePage"/>
  <testcase name="POS_Test_SelectHome" time="6.026" classname="Test_HomePage"/>
  <testcase name="POS_Test_Home_Identity" time="5.053" classname="Test_HomePage"/>
  <testcase name="POS_Test_Home_PublishPost" time="9.084" classname="Test_HomePage"/>
  <testcase name="POS_Test_Home_Title" time="6.550" classname="Test_HomePage"/>
  <testcase name="POS_Test_Home_PublishPost_Headline_TextArea" time="25.853" classname="Test_HomePage"/>
</testsuite> <!-- Test_HomePage -->
