<?xml version="1.0" encoding="UTF-8"?>
<!-- Generated by org.testng.reporters.JUnitReportReporter -->
<testsuite hostname="YUL119014N07" name="Test_ConnectionPage" tests="1" failures="0" timestamp="11 Feb 2016 19:41:51 GMT" time="3.132" errors="0">
  <testcase name="POS_Test_ConnectionsPage" time="3.132" classname="Test_ConnectionPage"/>
</testsuite> <!-- Test_ConnectionPage -->
