<?xml version="1.0" encoding="UTF-8"?>
<!-- Generated by org.testng.reporters.JUnitReportReporter -->
<testsuite hostname="YUL119014N07" name="Test_MyNetworksPage" tests="4" failures="0" timestamp="17 Feb 2016 18:23:03 GMT" time="26.273" errors="0">
  <testcase name="POS_Test_SelectAddContacts" time="6.447" classname="Test_MyNetworksPage"/>
  <testcase name="POS_Test_SelectConnections" time="6.780" classname="Test_MyNetworksPage"/>
  <testcase name="POS_Test_SelectPeopleYouKnow" time="5.700" classname="Test_MyNetworksPage"/>
  <testcase name="POS_Test_SelectFindAlumni" time="7.346" classname="Test_MyNetworksPage"/>
</testsuite> <!-- Test_MyNetworksPage -->
