<?xml version="1.0" encoding="UTF-8"?>
<!-- Generated by org.testng.reporters.JUnitReportReporter -->
<testsuite hostname="YUL119014N07" name="Test_AddContactPage" tests="1" failures="0" timestamp="12 Feb 2016 19:13:38 GMT" time="3.258" errors="0">
  <testcase name="POS_TEST_SelectAddContactPage" time="3.258" classname="Test_AddContactPage"/>
</testsuite> <!-- Test_AddContactPage -->
